<?xml version="1.0" encoding="UTF-8"?>
<!-- Generated by org.testng.reporters.JUnitReportReporter -->
<testsuite skipped="0" hostname="LAPTOP-DIH1U1N7" name="Tests.SenditPl" tests="1" failures="0" timestamp="07 gru 2019 14:25:01 GMT" time="7.085" errors="0">
  <testcase name="Zaloguj" time="7.085" classname="Tests.SenditPl"/>
</testsuite> <!-- Tests.SenditPl -->
